Using pre-set license
Built from '2023.2/staging' branch; Version is '2023.2.4f1 (accd6d46ced1) revision 11324781'; Using compiler version '193431935'; Build Type 'Release'
OS: 'Windows 11  (10.0.26100) 64bit Professional' Language: 'en' Physical Memory: 32693 MB
BatchMode: 1, IsHumanControllingUs: 0, StartBugReporterOnCrash: 0, Is64bit: 1, IsPro: 1

COMMAND LINE ARGUMENTS:
C:\Program Files\Unity\Hub\Editor\2023.2.4f1\Editor\Unity.exe
-adb2
-batchMode
-noUpm
-name
AssetImportWorker4
-projectPath
C:/Users/aaron/Documents/GitHub/AI-Wave-Shooter/Ai Wave Shooter
-logFile
Logs/AssetImportWorker4.log
-srvPort
54716
-job-worker-count
5
-background-job-worker-count
8
-asset-garbage-collectors
1
Successfully changed project path to: C:/Users/aaron/Documents/GitHub/AI-Wave-Shooter/Ai Wave Shooter
C:/Users/aaron/Documents/GitHub/AI-Wave-Shooter/Ai Wave Shooter
[UnityMemory] Configuration Parameters - Can be set up in boot.config
    "memorysetup-bucket-allocator-granularity=16"
    "memorysetup-bucket-allocator-bucket-count=8"
    "memorysetup-bucket-allocator-block-size=33554432"
    "memorysetup-bucket-allocator-block-count=8"
    "memorysetup-main-allocator-block-size=16777216"
    "memorysetup-thread-allocator-block-size=16777216"
    "memorysetup-gfx-main-allocator-block-size=16777216"
    "memorysetup-gfx-thread-allocator-block-size=16777216"
    "memorysetup-cache-allocator-block-size=4194304"
    "memorysetup-typetree-allocator-block-size=2097152"
    "memorysetup-profiler-bucket-allocator-granularity=16"
    "memorysetup-profiler-bucket-allocator-bucket-count=8"
    "memorysetup-profiler-bucket-allocator-block-size=33554432"
    "memorysetup-profiler-bucket-allocator-block-count=8"
    "memorysetup-profiler-allocator-block-size=16777216"
    "memorysetup-profiler-editor-allocator-block-size=1048576"
    "memorysetup-temp-allocator-size-main=16777216"
    "memorysetup-job-temp-allocator-block-size=2097152"
    "memorysetup-job-temp-allocator-block-size-background=1048576"
    "memorysetup-job-temp-allocator-reduction-small-platforms=262144"
    "memorysetup-allocator-temp-initial-block-size-main=262144"
    "memorysetup-allocator-temp-initial-block-size-worker=262144"
    "memorysetup-temp-allocator-size-background-worker=32768"
    "memorysetup-temp-allocator-size-job-worker=262144"
    "memorysetup-temp-allocator-size-preload-manager=33554432"
    "memorysetup-temp-allocator-size-nav-mesh-worker=65536"
    "memorysetup-temp-allocator-size-audio-worker=65536"
    "memorysetup-temp-allocator-size-cloud-worker=32768"
    "memorysetup-temp-allocator-size-gi-baking-worker=262144"
    "memorysetup-temp-allocator-size-gi-baking-worker=262144"
    "memorysetup-temp-allocator-size-gi-baking-worker=262144"
    "memorysetup-temp-allocator-size-gi-baking-worker=262144"
    "memorysetup-temp-allocator-size-gfx=262144"
Player connection [12180] Host "[IP] 192.168.0.173 [Port] 0 [Flags] 2 [Guid] 1549066956 [EditorId] 1549066956 [Version] 1048832 [Id] WindowsEditor(7,Aaron-pc2) [Debug] 1 [PackageName] WindowsEditor [ProjectName] Editor" joined multi-casting on [225.0.0.222:54997]...
Player connection [12180] Host "[IP] 192.168.0.173 [Port] 0 [Flags] 2 [Guid] 1549066956 [EditorId] 1549066956 [Version] 1048832 [Id] WindowsEditor(7,Aaron-pc2) [Debug] 1 [PackageName] WindowsEditor [ProjectName] Editor" joined alternative multi-casting on [225.0.0.222:34997]...
JobSystem: Creating JobQueue using job-worker-count value 5
[Physics::Module] Initialized MultithreadedJobDispatcher with 5 workers.
Library Redirect Path: Library/
Refreshing native plugins compatible for Editor in 70.25 ms, found 3 plugins.
Preloading 0 native plugins for Editor in 0.00 ms.
Initialize engine version: 2023.2.4f1 (accd6d46ced1)
[Subsystems] Discovering subsystems at path C:/Program Files/Unity/Hub/Editor/2023.2.4f1/Editor/Data/Resources/UnitySubsystems
[Subsystems] Discovering subsystems at path C:/Users/aaron/Documents/GitHub/AI-Wave-Shooter/Ai Wave Shooter/Assets
GfxDevice: creating device client; kGfxThreadingModeNonThreaded
Direct3D:
    Version:  Direct3D 11.0 [level 11.1]
    Renderer: AMD Radeon RX 7600 (ID=0x7480)
    Vendor:   ATI
    VRAM:     8109 MB
    Driver:   32.0.12019.1028
Initialize mono
Mono path[0] = 'C:/Program Files/Unity/Hub/Editor/2023.2.4f1/Editor/Data/Managed'
Mono path[1] = 'C:/Program Files/Unity/Hub/Editor/2023.2.4f1/Editor/Data/MonoBleedingEdge/lib/mono/unityjit-win32'
Mono config path = 'C:/Program Files/Unity/Hub/Editor/2023.2.4f1/Editor/Data/MonoBleedingEdge/etc'
Using monoOptions --debugger-agent=transport=dt_socket,embedding=1,server=y,suspend=n,address=127.0.0.1:56796
Begin MonoManager ReloadAssembly
C:\build\output\Unity-Technologies\mono\mono\metadata\icall.c:1842:
C:\build\output\Unity-Technologies\mono\mono\metadata\icall.c:1842:
C:\build\output\Unity-Technologies\mono\mono\metadata\icall.c:1842:
C:\build\output\Unity-Technologies\mono\mono\metadata\icall.c:1842:
C:\build\output\Unity-Technologies\mono\mono\metadata\icall.c:1842:
C:\build\output\Unity-Technologies\mono\mono\metadata\icall.c:1842:
C:\build\output\Unity-Technologies\mono\mono\metadata\icall.c:1842:
C:\build\output\Unity-Technologies\mono\mono\metadata\icall.c:1842:
C:\build\output\Unity-Technologies\mono\mono\metadata\icall.c:1842:
C:\build\output\Unity-Technologies\mono\mono\metadata\icall.c:1842:
Registering precompiled unity dll's ...
Register platform support module: C:/Program Files/Unity/Hub/Editor/2023.2.4f1/Editor/Data/PlaybackEngines/WindowsStandaloneSupport/UnityEditor.WindowsStandalone.Extensions.dll
Registered in 0.097558 seconds.
- Loaded All Assemblies, in  7.361 seconds
Native extension for WindowsStandalone target not found
Mono: successfully reloaded assembly
C:\build\output\Unity-Technologies\mono\mono\metadata\icall.c:1842:
C:\build\output\Unity-Technologies\mono\mono\metadata\icall.c:1842:
- Finished resetting the current domain, in  0.269 seconds
Domain Reload Profiling: 7628ms
	BeginReloadAssembly (6062ms)
		ExecutionOrderSort (0ms)
		DisableScriptedObjects (0ms)
		BackupInstance (0ms)
		ReleaseScriptingObjects (0ms)
		CreateAndSetChildDomain (1ms)
	RebuildCommonClasses (346ms)
	RebuildNativeTypeToScriptingClass (10ms)
	initialDomainReloadingComplete (139ms)
	LoadAllAssembliesAndSetupDomain (802ms)
		LoadAssemblies (6059ms)
		RebuildTransferFunctionScriptingTraits (0ms)
		AnalyzeDomain (800ms)
			TypeCache.Refresh (798ms)
				TypeCache.ScanAssembly (561ms)
			BuildScriptInfoCaches (0ms)
			ResolveRequiredComponents (1ms)
	FinalizeReload (270ms)
		ReleaseScriptCaches (0ms)
		RebuildScriptCaches (0ms)
		SetupLoadedEditorAssemblies (224ms)
			LogAssemblyErrors (0ms)
			InitializePlatformSupportModulesInManaged (8ms)
			SetLoadedEditorAssemblies (5ms)
			BeforeProcessingInitializeOnLoad (7ms)
			ProcessInitializeOnLoadAttributes (160ms)
			ProcessInitializeOnLoadMethodAttributes (45ms)
			AfterProcessingInitializeOnLoad (0ms)
			EditorAssembliesLoaded (0ms)
		ExecutionOrderSort2 (0ms)
		AwakeInstancesAfterBackupRestoration (0ms)
========================================================================
Worker process is ready to serve import requests
Import Worker Mode flag is 0x00
Begin MonoManager ReloadAssembly
C:\build\output\Unity-Technologies\mono\mono\metadata\icall.c:1842:
C:\build\output\Unity-Technologies\mono\mono\metadata\icall.c:1842:
C:\build\output\Unity-Technologies\mono\mono\metadata\icall.c:1842:
C:\build\output\Unity-Technologies\mono\mono\metadata\icall.c:1842:
C:\build\output\Unity-Technologies\mono\mono\metadata\icall.c:1842:
C:\build\output\Unity-Technologies\mono\mono\metadata\icall.c:1842:
C:\build\output\Unity-Technologies\mono\mono\metadata\icall.c:1842:
C:\build\output\Unity-Technologies\mono\mono\metadata\icall.c:1842:
C:\build\output\Unity-Technologies\mono\mono\metadata\icall.c:1842:
C:\build\output\Unity-Technologies\mono\mono\metadata\icall.c:1842:
C:\build\output\Unity-Technologies\mono\mono\metadata\icall.c:1842:
C:\build\output\Unity-Technologies\mono\mono\metadata\icall.c:1842:
Symbol file LoadedFromMemory doesn't match image C:\Users\aaron\Documents\GitHub\AI-Wave-Shooter\Ai Wave Shooter\Library\PackageCache\com.unity.visualscripting@1.8.0\Editor\VisualScripting.Core\Dependencies\YamlDotNet\Unity.VisualScripting.YamlDotNet.dll
Symbol file LoadedFromMemory doesn't match image C:\Users\aaron\Documents\GitHub\AI-Wave-Shooter\Ai Wave Shooter\Library\PackageCache\com.unity.visualscripting@1.8.0\Editor\VisualScripting.Core\Dependencies\DotNetZip\Unity.VisualScripting.IonicZip.dll
- Loaded All Assemblies, in  6.895 seconds
Refreshing native plugins compatible for Editor in 0.74 ms, found 3 plugins.
Native extension for WindowsStandalone target not found
Mono: successfully reloaded assembly
- Finished resetting the current domain, in  0.924 seconds
Domain Reload Profiling: 7814ms
	BeginReloadAssembly (277ms)
		ExecutionOrderSort (0ms)
		DisableScriptedObjects (5ms)
		BackupInstance (0ms)
		ReleaseScriptingObjects (0ms)
		CreateAndSetChildDomain (27ms)
	RebuildCommonClasses (29ms)
	RebuildNativeTypeToScriptingClass (10ms)
	initialDomainReloadingComplete (34ms)
	LoadAllAssembliesAndSetupDomain (6540ms)
		LoadAssemblies (5984ms)
		RebuildTransferFunctionScriptingTraits (0ms)
		AnalyzeDomain (637ms)
			TypeCache.Refresh (602ms)
				TypeCache.ScanAssembly (547ms)
			BuildScriptInfoCaches (24ms)
			ResolveRequiredComponents (8ms)
	FinalizeReload (924ms)
		ReleaseScriptCaches (0ms)
		RebuildScriptCaches (0ms)
		SetupLoadedEditorAssemblies (551ms)
			LogAssemblyErrors (0ms)
			InitializePlatformSupportModulesInManaged (2ms)
			SetLoadedEditorAssemblies (5ms)
			BeforeProcessingInitializeOnLoad (92ms)
			ProcessInitializeOnLoadAttributes (411ms)
			ProcessInitializeOnLoadMethodAttributes (35ms)
			AfterProcessingInitializeOnLoad (6ms)
			EditorAssembliesLoaded (0ms)
		ExecutionOrderSort2 (0ms)
		AwakeInstancesAfterBackupRestoration (5ms)
Launched and connected shader compiler UnityShaderCompiler.exe after 0.01 seconds
Refreshing native plugins compatible for Editor in 0.96 ms, found 3 plugins.
Preloading 0 native plugins for Editor in 0.00 ms.
Unloading 227 Unused Serialized files (Serialized files now loaded: 0)
Unloading 5366 unused Assets / (5.4 MB). Loaded Objects now: 6074.
Memory consumption went from 191.4 MB to 186.0 MB.
Total: 6.401600 ms (FindLiveObjects: 0.615900 ms CreateObjectMapping: 0.268800 ms MarkObjects: 3.531900 ms  DeleteObjects: 1.984100 ms)

========================================================================
Received Import Request.
  Time since last request: 815.317491 seconds.
  path: Assets/Art/Dark Metal.mat
  artifactKey: Guid(a6a4a4d954327a34c99fcc4dac59a0e3) Importer(815301076,1909f56bfc062723c751e8b465ee728b)
Start importing Assets/Art/Dark Metal.mat using Guid(a6a4a4d954327a34c99fcc4dac59a0e3) Importer(815301076,1909f56bfc062723c751e8b465ee728b) (PreviewImporter) -> (artifact id: '991b64fbc34c032ac12c25274c43ff7d') in 0.3013468 seconds
Number of updated asset objects reloaded before import = 1Number of asset objects unloaded after import = 19

========================================================================
Received Import Request.
  Time since last request: 203.199032 seconds.
  path: Assets/Art/Dark Metal.mat
  artifactKey: Guid(a6a4a4d954327a34c99fcc4dac59a0e3) Importer(815301076,1909f56bfc062723c751e8b465ee728b)
Start importing Assets/Art/Dark Metal.mat using Guid(a6a4a4d954327a34c99fcc4dac59a0e3) Importer(815301076,1909f56bfc062723c751e8b465ee728b) (PreviewImporter) -> (artifact id: '020aa08cfa301c2dd4b91d7cd556f616') in 1.176859 seconds
Number of updated asset objects reloaded before import = 1Number of asset objects unloaded after import = 9

========================================================================
Received Import Request.
  Time since last request: 0.050899 seconds.
  path: Assets/Art/Mat Shader.shadergraph
  artifactKey: Guid(d22b17b3974211b43aa619dc2eaa7be6) Importer(815301076,1909f56bfc062723c751e8b465ee728b)
Start importing Assets/Art/Mat Shader.shadergraph using Guid(d22b17b3974211b43aa619dc2eaa7be6) Importer(815301076,1909f56bfc062723c751e8b465ee728b) (PreviewImporter) -> (artifact id: 'e6eb836845c8c2ee4cc78059a29e697f') in 0.0087272 seconds
Number of updated asset objects reloaded before import = 0Number of asset objects unloaded after import = 6

========================================================================
Received Import Request.
  Time since last request: 4018.715272 seconds.
  path: Assets/Models/Frame 1.fbx
  artifactKey: Guid(1bb1b8c5ef0bf7f4f84f7a695a02f884) Importer(815301076,1909f56bfc062723c751e8b465ee728b)
Start importing Assets/Models/Frame 1.fbx using Guid(1bb1b8c5ef0bf7f4f84f7a695a02f884) Importer(815301076,1909f56bfc062723c751e8b465ee728b) (PreviewImporter) -> (artifact id: '4cb6027c159dbfab5d1d8a06531cb5d8') in 0.0635471 seconds
Number of updated asset objects reloaded before import = 0Number of asset objects unloaded after import = 14

========================================================================
Received Import Request.
  Time since last request: 5.001587 seconds.
  path: Assets/Models/BigFrame.fbx
  artifactKey: Guid(8e44ac64043da564cae6709fe76e0eb2) Importer(815301076,1909f56bfc062723c751e8b465ee728b)
Start importing Assets/Models/BigFrame.fbx using Guid(8e44ac64043da564cae6709fe76e0eb2) Importer(815301076,1909f56bfc062723c751e8b465ee728b) (PreviewImporter) -> (artifact id: 'cfb9b7497b231edfec8572e7fc0efe6e') in 0.0423477 seconds
Number of updated asset objects reloaded before import = 0Number of asset objects unloaded after import = 24

========================================================================
Received Import Request.
  Time since last request: 118.920551 seconds.
  path: Assets/Models/Frame.fbx
  artifactKey: Guid(c62f252d2c5a99a419eb23dda7581777) Importer(815301076,1909f56bfc062723c751e8b465ee728b)
Start importing Assets/Models/Frame.fbx using Guid(c62f252d2c5a99a419eb23dda7581777) Importer(815301076,1909f56bfc062723c751e8b465ee728b) (PreviewImporter) -> (artifact id: '34bb1ccb980cf4643168f63a1a2effd4') in 0.0349309 seconds
Number of updated asset objects reloaded before import = 0Number of asset objects unloaded after import = 14

========================================================================
Received Import Request.
  Time since last request: 189.461737 seconds.
  path: Assets/Prefabs/Frame.prefab
  artifactKey: Guid(17d2061e2b24a924f9162c834d001942) Importer(815301076,1909f56bfc062723c751e8b465ee728b)
Start importing Assets/Prefabs/Frame.prefab using Guid(17d2061e2b24a924f9162c834d001942) Importer(815301076,1909f56bfc062723c751e8b465ee728b) (PreviewImporter) -> (artifact id: 'fd83223595184da99efcd5e4fcac51b8') in 0.0160357 seconds
Number of updated asset objects reloaded before import = 0Number of asset objects unloaded after import = 26

========================================================================
Received Import Request.
  Time since last request: 6.243174 seconds.
  path: Assets/Prefabs/Frame.prefab
  artifactKey: Guid(17d2061e2b24a924f9162c834d001942) Importer(815301076,1909f56bfc062723c751e8b465ee728b)
Start importing Assets/Prefabs/Frame.prefab using Guid(17d2061e2b24a924f9162c834d001942) Importer(815301076,1909f56bfc062723c751e8b465ee728b) (PreviewImporter) -> (artifact id: 'b9cf2128b08b25cc3e6ac52c1f3a655c') in 0.0146606 seconds
Number of updated asset objects reloaded before import = 0Number of asset objects unloaded after import = 22

========================================================================
Received Import Request.
  Time since last request: 52.841146 seconds.
  path: Assets/Prefabs/BigFrame.prefab
  artifactKey: Guid(233e4eb8a3457534eb0405b8f78fa93c) Importer(815301076,1909f56bfc062723c751e8b465ee728b)
Start importing Assets/Prefabs/BigFrame.prefab using Guid(233e4eb8a3457534eb0405b8f78fa93c) Importer(815301076,1909f56bfc062723c751e8b465ee728b) (PreviewImporter) -> (artifact id: '1b1a8a39caaf25c03866a5c4ecbfafb8') in 0.0154663 seconds
Number of updated asset objects reloaded before import = 0Number of asset objects unloaded after import = 37

========================================================================
Received Import Request.
  Time since last request: 69.655055 seconds.
  path: Assets/Prefabs/Filled BigFrame.prefab
  artifactKey: Guid(7b0e62670c0dd4b4189bd9ddbd5d375c) Importer(815301076,1909f56bfc062723c751e8b465ee728b)
Start importing Assets/Prefabs/Filled BigFrame.prefab using Guid(7b0e62670c0dd4b4189bd9ddbd5d375c) Importer(815301076,1909f56bfc062723c751e8b465ee728b) (PreviewImporter) -> (artifact id: 'cf09a76979409060737dd69e67176ab4') in 0.0164564 seconds
Number of updated asset objects reloaded before import = 0Number of asset objects unloaded after import = 100

========================================================================
Received Import Request.
  Time since last request: 47.563181 seconds.
  path: Assets/Prefabs/4by4 Frame.prefab
  artifactKey: Guid(2e25afeef1f169f49bebbbd4bc79ce47) Importer(815301076,1909f56bfc062723c751e8b465ee728b)
Start importing Assets/Prefabs/4by4 Frame.prefab using Guid(2e25afeef1f169f49bebbbd4bc79ce47) Importer(815301076,1909f56bfc062723c751e8b465ee728b) (PreviewImporter) -> (artifact id: 'b1b481a281bcd898ccf906f4f987d1d5') in 0.0147252 seconds
Number of updated asset objects reloaded before import = 0Number of asset objects unloaded after import = 45

========================================================================
Received Import Request.
  Time since last request: 7.503056 seconds.
  path: Assets/Prefabs/Filled BigFrame.prefab
  artifactKey: Guid(7b0e62670c0dd4b4189bd9ddbd5d375c) Importer(815301076,1909f56bfc062723c751e8b465ee728b)
Start importing Assets/Prefabs/Filled BigFrame.prefab using Guid(7b0e62670c0dd4b4189bd9ddbd5d375c) Importer(815301076,1909f56bfc062723c751e8b465ee728b) (PreviewImporter) -> (artifact id: 'c6409af64635254d3ccbcbd19ec6fdce') in 0.0104529 seconds
Number of updated asset objects reloaded before import = 0Number of asset objects unloaded after import = 100

========================================================================
Received Import Request.
  Time since last request: 3.988620 seconds.
  path: Assets/Prefabs/Filled BigFrame.prefab
  artifactKey: Guid(7b0e62670c0dd4b4189bd9ddbd5d375c) Importer(815301076,1909f56bfc062723c751e8b465ee728b)
Start importing Assets/Prefabs/Filled BigFrame.prefab using Guid(7b0e62670c0dd4b4189bd9ddbd5d375c) Importer(815301076,1909f56bfc062723c751e8b465ee728b) (PreviewImporter) -> (artifact id: '36ea349e8080b0e086ef3b4424c8f26a') in 0.0121686 seconds
Number of updated asset objects reloaded before import = 0Number of asset objects unloaded after import = 100

